<?xml version="1.0" encoding="UTF-8"?><testsuite failures="0" name="cucumber.runtime.formatter.JUnitFormatter" skipped="0" tests="1" time="9.658386">
<testcase classname="Trello" name="Trello Invalid login" time="9.658386">
<system-out><![CDATA[Given user is on trello homepage............................................passed
When user clicks on Login button with 'username' and 'password'.............passed
Then Login error message is displayed 'There isn't an account for this username'.passed
]]></system-out>
</testcase>
</testsuite>
